-------------------------------------------------------------------------------
Test set: test.java.bgu.spl.mics.MessageBrokerTest
-------------------------------------------------------------------------------
Tests run: 1, Failures: 1, Errors: 0, Skipped: 0, Time elapsed: 0.001 s <<< FAILURE! - in test.java.bgu.spl.mics.MessageBrokerTest
test  Time elapsed: 0 s  <<< FAILURE!
org.opentest4j.AssertionFailedError: Not a good test
	at test.java.bgu.spl.mics.MessageBrokerTest.test(MessageBrokerTest.java:17)

