<?xml version="1.0" encoding="UTF-8"?>
<testsuite xmlns:xsi="http://www.w3.org/2001/XMLSchema-instance" xsi:noNamespaceSchemaLocation="https://maven.apache.org/surefire/maven-surefire-plugin/xsd/surefire-test-report.xsd" name="test.java.bgu.spl.mics.MessageBrokerTest" time="0.001" tests="1" errors="0" skipped="0" failures="1">
  <properties>
[...]
</properties>
  <testcase name="test" classname="test.java.bgu.spl.mics.MessageBrokerTest" time="0">
    <failure message="Not a good test" type="org.opentest4j.AssertionFailedError">org.opentest4j.AssertionFailedError: Not a good test
	at test.java.bgu.spl.mics.MessageBrokerTest.test(MessageBrokerTest.java:17)
</failure>
  </testcase>
</testsuite>