-------------------------------------------------------------------------------
Test set: test.java.bgu.spl.mics.InventoryTest
-------------------------------------------------------------------------------
Tests run: 5, Failures: 0, Errors: 5, Skipped: 0, Time elapsed: 0 s <<< FAILURE! - in test.java.bgu.spl.mics.InventoryTest
testExistItem  Time elapsed: 0 s  <<< ERROR!
java.lang.NullPointerException
	at test.java.bgu.spl.mics.InventoryTest.setUp(InventoryTest.java:21)

testNonExistItem  Time elapsed: 0 s  <<< ERROR!
java.lang.NullPointerException
	at test.java.bgu.spl.mics.InventoryTest.setUp(InventoryTest.java:21)

testLoadInventory  Time elapsed: 0 s  <<< ERROR!
java.lang.NullPointerException
	at test.java.bgu.spl.mics.InventoryTest.setUp(InventoryTest.java:21)

testSameInventory  Time elapsed: 0 s  <<< ERROR!
java.lang.NullPointerException
	at test.java.bgu.spl.mics.InventoryTest.setUp(InventoryTest.java:21)

testNegativeLoad  Time elapsed: 0 s  <<< ERROR!
java.lang.NullPointerException
	at test.java.bgu.spl.mics.InventoryTest.setUp(InventoryTest.java:21)

