-------------------------------------------------------------------------------
Test set: test.java.bgu.spl.mics.FutureTest
-------------------------------------------------------------------------------
Tests run: 1, Failures: 1, Errors: 0, Skipped: 0, Time elapsed: 0.02 s <<< FAILURE! - in test.java.bgu.spl.mics.FutureTest
test  Time elapsed: 0.015 s  <<< FAILURE!
org.opentest4j.AssertionFailedError: Not a good test
	at test.java.bgu.spl.mics.FutureTest.test(FutureTest.java:16)

